<?xml version="1.0" encoding="UTF-8"?>
<!-- Generated by org.testng.reporters.JUnitXMLReporter -->
<testsuite ignored="0" hostname="DESKTOP-ONVP2CN" failures="0" tests="3" name="Test" time="55.588" errors="0" timestamp="2024-09-23T12:51:05 IST">
  <testcase classname="testng3_Mon.Testscript2Mon" name="hello" time="6.306"/>
  <testcase classname="testng3_Mon.TestScriptTestNG" name="hello" time="7.75"/>
  <testcase classname="testng3_Mon.TestScriptTestNG" name="runScript" time="30.725"/>
</testsuite> <!-- Test -->
