<?xml version="1.0" encoding="UTF-8"?>
<testng-results ignored="0" total="2" passed="2" failed="0" skipped="0">
  <reporter-output>
  </reporter-output>
  <suite started-at="2024-10-21T11:14:58 IST" name="Default suite" finished-at="2024-10-21T11:15:21 IST" duration-ms="22308">
    <groups>
    </groups>
    <test started-at="2024-10-21T11:14:58 IST" name="Default test" finished-at="2024-10-21T11:15:21 IST" duration-ms="22308">
      <class name="selenium_class.ParametersINTestNG">
        <test-method signature="Window()[pri:0, instance:selenium_class.ParametersINTestNG@2b91004a]" started-at="2024-10-21T11:14:58 IST" name="Window" finished-at="2024-10-21T11:15:16 IST" duration-ms="17588" status="PASS">
          <reporter-output>
          </reporter-output>
        </test-method> <!-- Window -->
        <test-method signature="Dropdown()[pri:0, instance:selenium_class.ParametersINTestNG@2b91004a]" started-at="2024-10-21T11:15:16 IST" name="Dropdown" finished-at="2024-10-21T11:15:21 IST" depends-on-methods="selenium_class.ParametersINTestNG.Window" duration-ms="4607" status="PASS">
          <reporter-output>
          </reporter-output>
        </test-method> <!-- Dropdown -->
      </class> <!-- selenium_class.ParametersINTestNG -->
    </test> <!-- Default test -->
  </suite> <!-- Default suite -->
</testng-results>
